L2: Using AVX2 distance computation DistanceL2Float
L2: Using AVX2 distance computation DistanceL2Float
Reading bin file /data/index/DiskANN/sift-128-euclidean/ann_pq_compressed.bin ...
Opening bin file /data/index/DiskANN/sift-128-euclidean/ann_pq_compressed.bin... 
Metadata: #pts = 1000000, #dims = 128...
done.
Reading bin file /data/index/DiskANN/sift-128-euclidean/ann_pq_pivots.bin ...
Opening bin file /data/index/DiskANN/sift-128-euclidean/ann_pq_pivots.bin... 
Metadata: #pts = 4, #dims = 1...
done.
Offsets: 4096 135176 135696 136220
Reading bin file /data/index/DiskANN/sift-128-euclidean/ann_pq_pivots.bin ...
Opening bin file /data/index/DiskANN/sift-128-euclidean/ann_pq_pivots.bin... 
Metadata: #pts = 256, #dims = 128...
done.
Reading bin file /data/index/DiskANN/sift-128-euclidean/ann_pq_pivots.bin ...
Opening bin file /data/index/DiskANN/sift-128-euclidean/ann_pq_pivots.bin... 
Metadata: #pts = 128, #dims = 1...
done.
Reading bin file /data/index/DiskANN/sift-128-euclidean/ann_pq_pivots.bin ...
Opening bin file /data/index/DiskANN/sift-128-euclidean/ann_pq_pivots.bin... 
Metadata: #pts = 129, #dims = 1...
done.
Loaded PQ Pivots: #ctrs: 256, #dims: 128, #chunks: 128
Loaded PQ centroids and in-memory compressed vectors. #points: 1000000 #dim: 128 #aligned_dim: 128 #chunks: 128
Disk-Index File Meta-data: # nodes per sector: 5, max node len (bytes): 772, max node degree: 64
Setting up thread-specific contexts for nthreads: 4
allocating ctx: 0x7f34dc71d000 to thread-id:139865211493248
allocating ctx: 0x7f34dc70c000 to thread-id:139864567863104
allocating ctx: 0x7f34dc6fb000 to thread-id:139864559466432
allocating ctx: 0x7f34cd971000 to thread-id:139864551069760
Reading bin file /data/index/DiskANN/sift-128-euclidean/ann_disk.index_medoids.bin ...
Opening bin file /data/index/DiskANN/sift-128-euclidean/ann_disk.index_medoids.bin... 
Metadata: #pts = 5, #dims = 1...
done.
Reading (with alignment) bin file /data/index/DiskANN/sift-128-euclidean/ann_disk.index_centroids.bin ...Metadata: #pts = 5, #dims = 128, aligned_dim = 128... allocating aligned memory of 2560 bytes... done. Copying data to mem_aligned buffer... done.
done..
Reading (with alignment) bin file /data/index/DiskANN/sift-128-euclidean/ann_sample_data.bin ...Metadata: #pts = 100572, #dims = 128, aligned_dim = 128... allocating aligned memory of 51492864 bytes... done. Copying data to mem_aligned buffer... done.
Loading the cache list into memory....done.
Clearing scratch
{"status": "success", "total_queries": 10000, "total_time_seconds": 45.17367773599835, "qps": 221.3678518371136, "recall": 0.9954699999999935, "mean_latency_ms": 4.5135044829814435, "p50_latency_ms": 4.505430999415694, "p95_latency_ms": 5.584313999861479, "p99_latency_ms": 6.09604999772273, "warmup_duration_seconds": 29.467104626000946, "query_start_timestamp": "2026-01-30T16:22:20.698185+00:00", "query_end_timestamp": "2026-01-30T16:23:05.871870+00:00", "warmup_start_timestamp": "2026-01-30T16:21:51.231054+00:00", "warmup_end_timestamp": "2026-01-30T16:22:20.698181+00:00", "load_duration_seconds": 29.467032999000367, "load_start_timestamp": "2026-01-30T16:21:51.231076+00:00", "load_end_timestamp": "2026-01-30T16:22:20.698118+00:00", "cache_warmup_queries_requested": 0, "cache_warmup_queries_executed": 0, "cache_warmup_duration_seconds": 0.0}
